<?xml version="1.0" encoding="UTF-8"?>
<testsuite xmlns:xsi="http://www.w3.org/2001/XMLSchema-instance" xsi:noNamespaceSchemaLocation="https://maven.apache.org/surefire/maven-surefire-plugin/xsd/surefire-test-report.xsd" name="RunCucumberTest" time="0.383" tests="3" errors="0" skipped="0" failures="0">
  <properties>
    <property name="gopherProxySet" value="false"/>
    <property name="awt.toolkit" value="sun.lwawt.macosx.LWCToolkit"/>
    <property name="file.encoding.pkg" value="sun.io"/>
    <property name="java.specification.version" value="1.8"/>
    <property name="sun.cpu.isalist" value=""/>
    <property name="sun.jnu.encoding" value="UTF-8"/>
    <property name="java.class.path" value="/Users/hjorth/IdeaProjects/Webtjenester/Calculator/Dolphin/target/test-classes:/Users/hjorth/IdeaProjects/Webtjenester/Calculator/Dolphin/target/classes:/Users/hjorth/.m2/repository/junit/junit/4.12/junit-4.12.jar:/Users/hjorth/.m2/repository/org/hamcrest/hamcrest-core/1.3/hamcrest-core-1.3.jar:/Users/hjorth/.m2/repository/io/cucumber/cucumber-junit/1.2.6/cucumber-junit-1.2.6.jar:/Users/hjorth/.m2/repository/io/cucumber/cucumber-core/1.2.6/cucumber-core-1.2.6.jar:/Users/hjorth/.m2/repository/info/cukes/cucumber-html/0.2.3/cucumber-html-0.2.3.jar:/Users/hjorth/.m2/repository/io/cucumber/cucumber-java/1.2.6/cucumber-java-1.2.6.jar:/Users/hjorth/.m2/repository/io/cucumber/cucumber-picocontainer/1.2.6/cucumber-picocontainer-1.2.6.jar:/Users/hjorth/.m2/repository/info/cukes/cucumber-jvm-deps/1.0.5/cucumber-jvm-deps-1.0.5.jar:/Users/hjorth/.m2/repository/info/cukes/gherkin/2.12.2/gherkin-2.12.2.jar:/Users/hjorth/.m2/repository/org/picocontainer/picocontainer/2.15/picocontainer-2.15.jar:"/>
    <property name="java.vm.vendor" value="AdoptOpenJDK"/>
    <property name="sun.arch.data.model" value="64"/>
    <property name="java.vendor.url" value="http://java.oracle.com/"/>
    <property name="user.timezone" value=""/>
    <property name="java.vm.specification.version" value="1.8"/>
    <property name="os.name" value="Mac OS X"/>
    <property name="user.country" value="DK"/>
    <property name="sun.java.launcher" value="SUN_STANDARD"/>
    <property name="sun.boot.library.path" value="/Library/Java/JavaVirtualMachines/adoptopenjdk-8.jdk/Contents/Home/jre/lib"/>
    <property name="sun.java.command" value="/Users/hjorth/IdeaProjects/Webtjenester/Calculator/Dolphin/target/surefire/surefirebooter263175096138943928.jar /Users/hjorth/IdeaProjects/Webtjenester/Calculator/Dolphin/target/surefire 2020-01-08T13-02-51_225-jvmRun1 surefire5498209177966088120tmp surefire_06091747930482262769tmp"/>
    <property name="surefire.test.class.path" value="/Users/hjorth/IdeaProjects/Webtjenester/Calculator/Dolphin/target/test-classes:/Users/hjorth/IdeaProjects/Webtjenester/Calculator/Dolphin/target/classes:/Users/hjorth/.m2/repository/junit/junit/4.12/junit-4.12.jar:/Users/hjorth/.m2/repository/org/hamcrest/hamcrest-core/1.3/hamcrest-core-1.3.jar:/Users/hjorth/.m2/repository/io/cucumber/cucumber-junit/1.2.6/cucumber-junit-1.2.6.jar:/Users/hjorth/.m2/repository/io/cucumber/cucumber-core/1.2.6/cucumber-core-1.2.6.jar:/Users/hjorth/.m2/repository/info/cukes/cucumber-html/0.2.3/cucumber-html-0.2.3.jar:/Users/hjorth/.m2/repository/io/cucumber/cucumber-java/1.2.6/cucumber-java-1.2.6.jar:/Users/hjorth/.m2/repository/io/cucumber/cucumber-picocontainer/1.2.6/cucumber-picocontainer-1.2.6.jar:/Users/hjorth/.m2/repository/info/cukes/cucumber-jvm-deps/1.0.5/cucumber-jvm-deps-1.0.5.jar:/Users/hjorth/.m2/repository/info/cukes/gherkin/2.12.2/gherkin-2.12.2.jar:/Users/hjorth/.m2/repository/org/picocontainer/picocontainer/2.15/picocontainer-2.15.jar:"/>
    <property name="sun.cpu.endian" value="little"/>
    <property name="user.home" value="/Users/hjorth"/>
    <property name="user.language" value="da"/>
    <property name="java.specification.vendor" value="Oracle Corporation"/>
    <property name="java.home" value="/Library/Java/JavaVirtualMachines/adoptopenjdk-8.jdk/Contents/Home/jre"/>
    <property name="basedir" value="/Users/hjorth/IdeaProjects/Webtjenester/Calculator/Dolphin"/>
    <property name="file.separator" value="/"/>
    <property name="line.separator" value="&#10;"/>
    <property name="java.vm.specification.vendor" value="Oracle Corporation"/>
    <property name="java.specification.name" value="Java Platform API Specification"/>
    <property name="java.awt.graphicsenv" value="sun.awt.CGraphicsEnvironment"/>
    <property name="surefire.real.class.path" value="/Users/hjorth/IdeaProjects/Webtjenester/Calculator/Dolphin/target/surefire/surefirebooter263175096138943928.jar"/>
    <property name="sun.boot.class.path" value="/Library/Java/JavaVirtualMachines/adoptopenjdk-8.jdk/Contents/Home/jre/lib/resources.jar:/Library/Java/JavaVirtualMachines/adoptopenjdk-8.jdk/Contents/Home/jre/lib/rt.jar:/Library/Java/JavaVirtualMachines/adoptopenjdk-8.jdk/Contents/Home/jre/lib/sunrsasign.jar:/Library/Java/JavaVirtualMachines/adoptopenjdk-8.jdk/Contents/Home/jre/lib/jsse.jar:/Library/Java/JavaVirtualMachines/adoptopenjdk-8.jdk/Contents/Home/jre/lib/jce.jar:/Library/Java/JavaVirtualMachines/adoptopenjdk-8.jdk/Contents/Home/jre/lib/charsets.jar:/Library/Java/JavaVirtualMachines/adoptopenjdk-8.jdk/Contents/Home/jre/lib/jfr.jar:/Library/Java/JavaVirtualMachines/adoptopenjdk-8.jdk/Contents/Home/jre/classes"/>
    <property name="sun.management.compiler" value="HotSpot 64-Bit Tiered Compilers"/>
    <property name="java.runtime.version" value="1.8.0_232-b09"/>
    <property name="user.name" value="hjorth"/>
    <property name="path.separator" value=":"/>
    <property name="os.version" value="10.14"/>
    <property name="java.endorsed.dirs" value="/Library/Java/JavaVirtualMachines/adoptopenjdk-8.jdk/Contents/Home/jre/lib/endorsed"/>
    <property name="java.runtime.name" value="OpenJDK Runtime Environment"/>
    <property name="file.encoding" value="UTF-8"/>
    <property name="java.vm.name" value="OpenJDK 64-Bit Server VM"/>
    <property name="localRepository" value="/Users/hjorth/.m2/repository"/>
    <property name="java.vendor.url.bug" value="http://bugreport.sun.com/bugreport/"/>
    <property name="java.io.tmpdir" value="/var/folders/89/t541rlc949q60p7kn2651wz40000gn/T/"/>
    <property name="idea.version" value="2017.3.7"/>
    <property name="java.version" value="1.8.0_232"/>
    <property name="user.dir" value="/Users/hjorth/IdeaProjects/Webtjenester/Calculator/Dolphin"/>
    <property name="os.arch" value="x86_64"/>
    <property name="java.vm.specification.name" value="Java Virtual Machine Specification"/>
    <property name="java.awt.printerjob" value="sun.lwawt.macosx.CPrinterJob"/>
    <property name="sun.os.patch.level" value="unknown"/>
    <property name="java.library.path" value="/Users/hjorth/Library/Java/Extensions:/Library/Java/Extensions:/Network/Library/Java/Extensions:/System/Library/Java/Extensions:/usr/lib/java:."/>
    <property name="java.vm.info" value="mixed mode"/>
    <property name="java.vendor" value="AdoptOpenJDK"/>
    <property name="java.vm.version" value="25.232-b09"/>
    <property name="java.ext.dirs" value="/Users/hjorth/Library/Java/Extensions:/Library/Java/JavaVirtualMachines/adoptopenjdk-8.jdk/Contents/Home/jre/lib/ext:/Library/Java/Extensions:/Network/Library/Java/Extensions:/System/Library/Java/Extensions:/usr/lib/java"/>
    <property name="sun.io.unicode.encoding" value="UnicodeBig"/>
    <property name="java.class.version" value="52.0"/>
  </properties>
  <testcase name="Given that a is 2 and b is 4" classname="Scenario: Is it adding correctly?" time="0.002"/>
  <testcase name="Then c should be 6" classname="Scenario: Is it adding correctly?" time="0"/>
  <testcase name="Scenario: Is it adding correctly?" classname="Scenario: Is it adding correctly?" time="0"/>
</testsuite>